{"numTotalTestSuites":11,"numPassedTestSuites":11,"numFailedTestSuites":0,"numPendingTestSuites":0,"numTotalTests":26,"numPassedTests":26,"numFailedTests":0,"numPendingTests":0,"numTodoTests":0,"snapshot":{"added":0,"failure":false,"filesAdded":0,"filesRemoved":0,"filesRemovedList":[],"filesUnmatched":0,"filesUpdated":0,"matched":0,"total":0,"unchecked":0,"uncheckedKeysByFile":[],"unmatched":0,"updated":0,"didUpdate":false},"startTime":1780818783425,"success":true,"testResults":[{"assertionResults":[{"ancestorTitles":["useMediaResolver Hook"],"fullName":"useMediaResolver Hook debe transformar un enlace de Google Drive en una imagen visible","status":"passed","title":"debe transformar un enlace de Google Drive en una imagen visible","duration":23.14786700000002,"failureMessages":[],"meta":{}}],"startTime":1780818788335,"endTime":1780818788358.148,"status":"passed","message":"","name":"/home/runner/work/link.me-source/link.me-source/src/hooks/__tests__/useMediaResolver.test.ts"},{"assertionResults":[{"ancestorTitles":["useScoreSystem Hook"],"fullName":"useScoreSystem Hook debe iniciar con los valores por defecto","status":"passed","title":"debe iniciar con los valores por defecto","duration":18.16969400000005,"failureMessages":[],"meta":{}},{"ancestorTitles":["useScoreSystem Hook"],"fullName":"useScoreSystem Hook debe incrementar el score (tiempo) basado en frames","status":"passed","title":"debe incrementar el score (tiempo) basado en frames","duration":3.7674109999999246,"failureMessages":[],"meta":{}},{"ancestorTitles":["useScoreSystem Hook"],"fullName":"useScoreSystem Hook debe subir de nivel al recorrer suficiente distancia","status":"passed","title":"debe subir de nivel al recorrer suficiente distancia","duration":6.4160739999999805,"failureMessages":[],"meta":{}},{"ancestorTitles":["useScoreSystem Hook"],"fullName":"useScoreSystem Hook debe dar una vida extra al juntar 100 latas","status":"passed","title":"debe dar una vida extra al juntar 100 latas","duration":4.169623999999999,"failureMessages":[],"meta":{}},{"ancestorTitles":["useScoreSystem Hook"],"fullName":"useScoreSystem Hook debe devolver true (Game Over) cuando las vidas llegan a 0","status":"passed","title":"debe devolver true (Game Over) cuando las vidas llegan a 0","duration":2.9714480000000094,"failureMessages":[],"meta":{}},{"ancestorTitles":["useScoreSystem Hook"],"fullName":"useScoreSystem Hook debe guardar el High Score en localStorage al morir","status":"passed","title":"debe guardar el High Score en localStorage al morir","duration":2.164139000000091,"failureMessages":[],"meta":{}}],"startTime":1780818785626,"endTime":1780818785664.164,"status":"passed","message":"","name":"/home/runner/work/link.me-source/link.me-source/Games/Pepsi/hooks/__tests__/useScoreSystem.test.ts"},{"assertionResults":[{"ancestorTitles":["useSpawner Hook (Orquestador)"],"fullName":"useSpawner Hook (Orquestador) debe iniciar vacío","status":"passed","title":"debe iniciar vacío","duration":14.239672000000041,"failureMessages":[],"meta":{}},{"ancestorTitles":["useSpawner Hook (Orquestador)"],"fullName":"useSpawner Hook (Orquestador) debe generar una entidad después de suficientes frames","status":"passed","title":"debe generar una entidad después de suficientes frames","duration":2.2215229999999337,"failureMessages":[],"meta":{}},{"ancestorTitles":["useSpawner Hook (Orquestador)"],"fullName":"useSpawner Hook (Orquestador) debe cambiar de estrategia según el nivel","status":"passed","title":"debe cambiar de estrategia según el nivel","duration":1.94074999999998,"failureMessages":[],"meta":{}},{"ancestorTitles":["useSpawner Hook (Orquestador)"],"fullName":"useSpawner Hook (Orquestador) debe mover las entidades","status":"passed","title":"debe mover las entidades","duration":1.7265539999999646,"failureMessages":[],"meta":{}},{"ancestorTitles":["useSpawner Hook (Orquestador)"],"fullName":"useSpawner Hook (Orquestador) debe eliminar entidades","status":"passed","title":"debe eliminar entidades","duration":1.5983949999999822,"failureMessages":[],"meta":{}}],"startTime":1780818786655,"endTime":1780818786676.5984,"status":"passed","message":"","name":"/home/runner/work/link.me-source/link.me-source/Games/Pepsi/hooks/__tests__/useSpawner.test.ts"},{"assertionResults":[{"ancestorTitles":["Componente HUD"],"fullName":"Componente HUD debe renderizar el tiempo (score) correctamente formateado","status":"passed","title":"debe renderizar el tiempo (score) correctamente formateado","duration":46.877747,"failureMessages":[],"meta":{}},{"ancestorTitles":["Componente HUD"],"fullName":"Componente HUD debe mostrar la cantidad correcta de latas","status":"passed","title":"debe mostrar la cantidad correcta de latas","duration":9.594978999999967,"failureMessages":[],"meta":{}},{"ancestorTitles":["Componente HUD"],"fullName":"Componente HUD debe mostrar las vidas correctamente","status":"passed","title":"debe mostrar las vidas correctamente","duration":7.945062000000007,"failureMessages":[],"meta":{}},{"ancestorTitles":["Componente HUD"],"fullName":"Componente HUD debe mostrar el nivel de velocidad","status":"passed","title":"debe mostrar el nivel de velocidad","duration":8.478492999999958,"failureMessages":[],"meta":{}}],"startTime":1780818787479,"endTime":1780818787552.4785,"status":"passed","message":"","name":"/home/runner/work/link.me-source/link.me-source/Games/Pepsi/ui/__tests__/HUD.test.tsx"},{"assertionResults":[{"ancestorTitles":["Componente AvatarViewer (Interacciones)"],"fullName":"Componente AvatarViewer (Interacciones) no debe mostrar nada si isOpen es false","status":"passed","title":"no debe mostrar nada si isOpen es false","duration":22.3135299999999,"failureMessages":[],"meta":{}},{"ancestorTitles":["Componente AvatarViewer (Interacciones)"],"fullName":"Componente AvatarViewer (Interacciones) debe mostrar la imagen correcta cuando está abierto","status":"passed","title":"debe mostrar la imagen correcta cuando está abierto","duration":27.029268000000002,"failureMessages":[],"meta":{}},{"ancestorTitles":["Componente AvatarViewer (Interacciones)"],"fullName":"Componente AvatarViewer (Interacciones) debe llamar a onNext al hacer clic en el botón siguiente","status":"passed","title":"debe llamar a onNext al hacer clic en el botón siguiente","duration":14.73147700000004,"failureMessages":[],"meta":{}},{"ancestorTitles":["Componente AvatarViewer (Interacciones)"],"fullName":"Componente AvatarViewer (Interacciones) debe esperar la animación antes de llamar a onClose","status":"passed","title":"debe esperar la animación antes de llamar a onClose","duration":12.189061000000038,"failureMessages":[],"meta":{}},{"ancestorTitles":["Componente AvatarViewer (Interacciones)"],"fullName":"Componente AvatarViewer (Interacciones) debe navegar con las flechas del teclado","status":"passed","title":"debe navegar con las flechas del teclado","duration":14.404414999999972,"failureMessages":[],"meta":{}},{"ancestorTitles":["Componente AvatarViewer (Interacciones)"],"fullName":"Componente AvatarViewer (Interacciones) no debe renderizarse si isOpen es false","status":"passed","title":"no debe renderizarse si isOpen es false","duration":1.393432999999959,"failureMessages":[],"meta":{}},{"ancestorTitles":["Componente AvatarViewer (Interacciones)"],"fullName":"Componente AvatarViewer (Interacciones) debe llamar a onNext al hacer clic en la flecha derecha","status":"passed","title":"debe llamar a onNext al hacer clic en la flecha derecha","duration":11.047749000000067,"failureMessages":[],"meta":{}},{"ancestorTitles":["Componente AvatarViewer (Interacciones)"],"fullName":"Componente AvatarViewer (Interacciones) debe llamar a onPrev al hacer clic en la flecha izquierda","status":"passed","title":"debe llamar a onPrev al hacer clic en la flecha izquierda","duration":6.879076999999825,"failureMessages":[],"meta":{}},{"ancestorTitles":["Componente AvatarViewer (Interacciones)"],"fullName":"Componente AvatarViewer (Interacciones) debe cerrar al hacer clic en el botón X","status":"passed","title":"debe cerrar al hacer clic en el botón X","duration":12.122041999999965,"failureMessages":[],"meta":{}},{"ancestorTitles":["Componente AvatarViewer (Interacciones)"],"fullName":"Componente AvatarViewer (Interacciones) debe navegar usando las flechas del teclado","status":"passed","title":"debe navegar usando las flechas del teclado","duration":7.489856000000145,"failureMessages":[],"meta":{}}],"startTime":1780818784694,"endTime":1780818784824.4897,"status":"passed","message":"","name":"/home/runner/work/link.me-source/link.me-source/src/components/avatar/__tests__/AvatarViewer.test.tsx"}]}