{"numTotalTestSuites":11,"numPassedTestSuites":11,"numFailedTestSuites":0,"numPendingTestSuites":0,"numTotalTests":26,"numPassedTests":26,"numFailedTests":0,"numPendingTests":0,"numTodoTests":0,"snapshot":{"added":0,"failure":false,"filesAdded":0,"filesRemoved":0,"filesRemovedList":[],"filesUnmatched":0,"filesUpdated":0,"matched":0,"total":0,"unchecked":0,"uncheckedKeysByFile":[],"unmatched":0,"updated":0,"didUpdate":false},"startTime":1765410321207,"success":true,"testResults":[{"assertionResults":[{"ancestorTitles":["useMediaResolver Hook"],"fullName":"useMediaResolver Hook debe transformar un enlace de Google Drive en una imagen visible","status":"passed","title":"debe transformar un enlace de Google Drive en una imagen visible","duration":26.136347999999998,"failureMessages":[],"meta":{}}],"startTime":1765410326157,"endTime":1765410326183.1362,"status":"passed","message":"","name":"/home/runner/work/link.me-source/link.me-source/src/hooks/__tests__/useMediaResolver.test.ts"},{"assertionResults":[{"ancestorTitles":["useScoreSystem Hook"],"fullName":"useScoreSystem Hook debe iniciar con los valores por defecto","status":"passed","title":"debe iniciar con los valores por defecto","duration":20.38805500000001,"failureMessages":[],"meta":{}},{"ancestorTitles":["useScoreSystem Hook"],"fullName":"useScoreSystem Hook debe incrementar el score (tiempo) basado en frames","status":"passed","title":"debe incrementar el score (tiempo) basado en frames","duration":4.022885999999971,"failureMessages":[],"meta":{}},{"ancestorTitles":["useScoreSystem Hook"],"fullName":"useScoreSystem Hook debe subir de nivel al recorrer suficiente distancia","status":"passed","title":"debe subir de nivel al recorrer suficiente distancia","duration":6.778474999999958,"failureMessages":[],"meta":{}},{"ancestorTitles":["useScoreSystem Hook"],"fullName":"useScoreSystem Hook debe dar una vida extra al juntar 100 latas","status":"passed","title":"debe dar una vida extra al juntar 100 latas","duration":5.16915599999993,"failureMessages":[],"meta":{}},{"ancestorTitles":["useScoreSystem Hook"],"fullName":"useScoreSystem Hook debe devolver true (Game Over) cuando las vidas llegan a 0","status":"passed","title":"debe devolver true (Game Over) cuando las vidas llegan a 0","duration":2.558538999999996,"failureMessages":[],"meta":{}},{"ancestorTitles":["useScoreSystem Hook"],"fullName":"useScoreSystem Hook debe guardar el High Score en localStorage al morir","status":"passed","title":"debe guardar el High Score en localStorage al morir","duration":2.207359999999994,"failureMessages":[],"meta":{}}],"startTime":1765410323437,"endTime":1765410323479.2073,"status":"passed","message":"","name":"/home/runner/work/link.me-source/link.me-source/Games/Pepsi/hooks/__tests__/useScoreSystem.test.ts"},{"assertionResults":[{"ancestorTitles":["useSpawner Hook (Orquestador)"],"fullName":"useSpawner Hook (Orquestador) debe iniciar vacío","status":"passed","title":"debe iniciar vacío","duration":14.543301000000042,"failureMessages":[],"meta":{}},{"ancestorTitles":["useSpawner Hook (Orquestador)"],"fullName":"useSpawner Hook (Orquestador) debe generar una entidad después de suficientes frames","status":"passed","title":"debe generar una entidad después de suficientes frames","duration":2.361229000000094,"failureMessages":[],"meta":{}},{"ancestorTitles":["useSpawner Hook (Orquestador)"],"fullName":"useSpawner Hook (Orquestador) debe cambiar de estrategia según el nivel","status":"passed","title":"debe cambiar de estrategia según el nivel","duration":2.0087879999999814,"failureMessages":[],"meta":{}},{"ancestorTitles":["useSpawner Hook (Orquestador)"],"fullName":"useSpawner Hook (Orquestador) debe mover las entidades","status":"passed","title":"debe mover las entidades","duration":1.7032550000000128,"failureMessages":[],"meta":{}},{"ancestorTitles":["useSpawner Hook (Orquestador)"],"fullName":"useSpawner Hook (Orquestador) debe eliminar entidades","status":"passed","title":"debe eliminar entidades","duration":1.6525400000000445,"failureMessages":[],"meta":{}}],"startTime":1765410324416,"endTime":1765410324437.6526,"status":"passed","message":"","name":"/home/runner/work/link.me-source/link.me-source/Games/Pepsi/hooks/__tests__/useSpawner.test.ts"},{"assertionResults":[{"ancestorTitles":["Componente HUD"],"fullName":"Componente HUD debe renderizar el tiempo (score) correctamente formateado","status":"passed","title":"debe renderizar el tiempo (score) correctamente formateado","duration":49.70890600000007,"failureMessages":[],"meta":{}},{"ancestorTitles":["Componente HUD"],"fullName":"Componente HUD debe mostrar la cantidad correcta de latas","status":"passed","title":"debe mostrar la cantidad correcta de latas","duration":10.518161000000077,"failureMessages":[],"meta":{}},{"ancestorTitles":["Componente HUD"],"fullName":"Componente HUD debe mostrar las vidas correctamente","status":"passed","title":"debe mostrar las vidas correctamente","duration":8.590524999999957,"failureMessages":[],"meta":{}},{"ancestorTitles":["Componente HUD"],"fullName":"Componente HUD debe mostrar el nivel de velocidad","status":"passed","title":"debe mostrar el nivel de velocidad","duration":14.115088000000014,"failureMessages":[],"meta":{}}],"startTime":1765410325259,"endTime":1765410325342.115,"status":"passed","message":"","name":"/home/runner/work/link.me-source/link.me-source/Games/Pepsi/ui/__tests__/HUD.test.tsx"},{"assertionResults":[{"ancestorTitles":["Componente AvatarViewer (Interacciones)"],"fullName":"Componente AvatarViewer (Interacciones) no debe mostrar nada si isOpen es false","status":"passed","title":"no debe mostrar nada si isOpen es false","duration":26.644702000000052,"failureMessages":[],"meta":{}},{"ancestorTitles":["Componente AvatarViewer (Interacciones)"],"fullName":"Componente AvatarViewer (Interacciones) debe mostrar la imagen correcta cuando está abierto","status":"passed","title":"debe mostrar la imagen correcta cuando está abierto","duration":28.827624999999898,"failureMessages":[],"meta":{}},{"ancestorTitles":["Componente AvatarViewer (Interacciones)"],"fullName":"Componente AvatarViewer (Interacciones) debe llamar a onNext al hacer clic en el botón siguiente","status":"passed","title":"debe llamar a onNext al hacer clic en el botón siguiente","duration":16.606297999999924,"failureMessages":[],"meta":{}},{"ancestorTitles":["Componente AvatarViewer (Interacciones)"],"fullName":"Componente AvatarViewer (Interacciones) debe esperar la animación antes de llamar a onClose","status":"passed","title":"debe esperar la animación antes de llamar a onClose","duration":13.969735000000128,"failureMessages":[],"meta":{}},{"ancestorTitles":["Componente AvatarViewer (Interacciones)"],"fullName":"Componente AvatarViewer (Interacciones) debe navegar con las flechas del teclado","status":"passed","title":"debe navegar con las flechas del teclado","duration":17.068096999999852,"failureMessages":[],"meta":{}},{"ancestorTitles":["Componente AvatarViewer (Interacciones)"],"fullName":"Componente AvatarViewer (Interacciones) no debe renderizarse si isOpen es false","status":"passed","title":"no debe renderizarse si isOpen es false","duration":1.511054999999942,"failureMessages":[],"meta":{}},{"ancestorTitles":["Componente AvatarViewer (Interacciones)"],"fullName":"Componente AvatarViewer (Interacciones) debe llamar a onNext al hacer clic en la flecha derecha","status":"passed","title":"debe llamar a onNext al hacer clic en la flecha derecha","duration":10.66819200000009,"failureMessages":[],"meta":{}},{"ancestorTitles":["Componente AvatarViewer (Interacciones)"],"fullName":"Componente AvatarViewer (Interacciones) debe llamar a onPrev al hacer clic en la flecha izquierda","status":"passed","title":"debe llamar a onPrev al hacer clic en la flecha izquierda","duration":8.402470999999878,"failureMessages":[],"meta":{}},{"ancestorTitles":["Componente AvatarViewer (Interacciones)"],"fullName":"Componente AvatarViewer (Interacciones) debe cerrar al hacer clic en el botón X","status":"passed","title":"debe cerrar al hacer clic en el botón X","duration":13.311860999999908,"failureMessages":[],"meta":{}},{"ancestorTitles":["Componente AvatarViewer (Interacciones)"],"fullName":"Componente AvatarViewer (Interacciones) debe navegar usando las flechas del teclado","status":"passed","title":"debe navegar usando las flechas del teclado","duration":8.431194999999889,"failureMessages":[],"meta":{}}],"startTime":1765410322471,"endTime":1765410322616.4312,"status":"passed","message":"","name":"/home/runner/work/link.me-source/link.me-source/src/components/avatar/__tests__/AvatarViewer.test.tsx"}]}